<?xml version="1.0" encoding="UTF-8"?>
<!-- Generated by org.testng.reporters.JUnitXMLReporter -->
<testsuite ignored="0" hostname="RaJySaJaTuBhJa" failures="1" tests="2" name="Surefire test" time="24.456" errors="0" timestamp="07 Jul 2020 05:53:10 GMT">
  <testcase classname="Runner.TestRunner" name="scenario" time="0.211">
    <failure type="org.picocontainer.PicoCompositionException" message="Duplicate Keys not allowed. Duplicate for &amp;apos;class StepDefinition.Stepdef&amp;apos;">
      <![CDATA[org.picocontainer.PicoCompositionException: Duplicate Keys not allowed. Duplicate for 'class StepDefinition.Stepdef'
	at org.picocontainer.DefaultPicoContainer.addAdapterInternal(DefaultPicoContainer.java:438)
	at org.picocontainer.DefaultPicoContainer.addComponent(DefaultPicoContainer.java:548)
	at org.picocontainer.DefaultPicoContainer.addComponent(DefaultPicoContainer.java:501)
	at org.picocontainer.DefaultPicoContainer.addComponent(DefaultPicoContainer.java:488)
	at cucumber.runtime.java.picocontainer.PicoFactory.start(PicoFactory.java:22)
	at cucumber.runtime.java.JavaBackend.buildWorld(JavaBackend.java:116)
	at cucumber.runner.Runner.buildBackendWorlds(Runner.java:155)
	at cucumber.runner.Runner.runPickle(Runner.java:78)
	at cucumber.api.testng.TestNGCucumberRunner.runScenario(TestNGCucumberRunner.java:84)
	at Runner.TestRunner.scenario(TestRunner.java:58)
	at java.base/java.util.concurrent.FutureTask.run(FutureTask.java:264)
	at java.base/java.util.concurrent.Executors$RunnableAdapter.call(Executors.java:515)
	at java.base/java.util.concurrent.FutureTask.run(FutureTask.java:264)
	at java.base/java.util.concurrent.ThreadPoolExecutor.runWorker(ThreadPoolExecutor.java:1128)
	at java.base/java.util.concurrent.ThreadPoolExecutor$Worker.run(ThreadPoolExecutor.java:628)
	at java.base/java.lang.Thread.run(Thread.java:834)
... Removed 9 stack frames]]>
    </failure>
  </testcase> <!-- scenario -->
  <testcase classname="Runner.TestRunner" name="scenario" time="22.835"/>
</testsuite> <!-- Surefire test -->
