<?xml version="1.0" encoding="UTF-8"?>
<!-- Generated by org.testng.reporters.JUnitXMLReporter -->
<testsuite ignored="0" hostname="RaJySaJaTuBhJa" failures="1" tests="1" name="Surefire test" time="15.098" errors="0" timestamp="04 Jul 2020 09:47:16 GMT">
  <testcase classname="Runner.TestRunner" name="scenario" time="14.717">
    <failure type="java.lang.AssertionError" message="expected [Sign in – Google Accounts] but found [Sign in – Google accounts]">
      <![CDATA[java.lang.AssertionError: expected [Sign in – Google Accounts] but found [Sign in – Google accounts]
	at StepDefinition.Stepdef.Clicks_SignUp_via_gmail(Stepdef.java:104)
	at ✽.Clicks SignUp via gmail(C:/Users/venka/eclipse-workspace/cucumberTng/src/test/java/Features/01_login.feature:5)
... Removed 6 stack frames]]>
    </failure>
  </testcase> <!-- scenario -->
</testsuite> <!-- Surefire test -->
