<?xml version="1.0" encoding="UTF-8"?>
<testsuite xmlns:xsi="http://www.w3.org/2001/XMLSchema-instance" xsi:noNamespaceSchemaLocation="https://maven.apache.org/surefire/maven-surefire-plugin/xsd/surefire-test-report-3.0.xsd" version="3.0" name="TestSuite" time="15.99" tests="1" errors="0" skipped="0" failures="1">
  <properties>
[...]
</properties>
  <testcase name="scenario" classname="Runner.TestRunner" time="14.722">
    <failure message="expected [Sign in – Google Accounts] but found [Sign in – Google accounts]" type="java.lang.AssertionError"><![CDATA[java.lang.AssertionError: expected [Sign in – Google Accounts] but found [Sign in – Google accounts]
]]></failure>
    <system-out><![CDATA[Feature: login into application

  Scenario: Positive login       # C:/Users/venka/eclipse-workspace/cucumberTng/src/test/java/Features/01_login.feature:2
15:17:10.964 [main] INFO  loginPage.logger - Login page title = Sign In
15:17:10.967 [main] INFO  Stepdef.logger - User_is_on_login_pageSign In
    Given User is on login page  # Stepdef.User_is_on_login_page()
Entered UN
    Then Click SignUp            # Stepdef.Click_SignUp()
15:17:14.294 [main] INFO  refersignupPage.logger - Clicked on Signupbygmail
    Then Clicks SignUp via gmail # Stepdef.Clicks_SignUp_via_gmail()
      java.lang.AssertionError: expected [Sign in – Google Accounts] but found [Sign in – Google accounts]
	at org.testng.Assert.fail(Assert.java:94)
	at org.testng.Assert.failNotEquals(Assert.java:513)
	at org.testng.Assert.assertEqualsImpl(Assert.java:135)
	at org.testng.Assert.assertEquals(Assert.java:116)
	at org.testng.Assert.assertEquals(Assert.java:190)
	at org.testng.Assert.assertEquals(Assert.java:200)
	at StepDefinition.Stepdef.Clicks_SignUp_via_gmail(Stepdef.java:104)
	at ?.Clicks SignUp via gmail(C:/Users/venka/eclipse-workspace/cucumberTng/src/test/java/Features/01_login.feature:5)

]]></system-out>
    <system-err><![CDATA[Starting ChromeDriver 83.0.4103.39 (ccbf011cb2d2b19b506d844400483861342c20cd-refs/branch-heads/4103@{#416}) on port 3622
Only local connections are allowed.
Please see https://chromedriver.chromium.org/security-considerations for suggestions on keeping ChromeDriver safe.
ChromeDriver was started successfully.
Jul 04, 2020 3:17:07 PM org.openqa.selenium.remote.ProtocolHandshake createSession
INFO: Detected dialect: W3C
]]></system-err>
  </testcase>
</testsuite>