-------------------------------------------------------------------------------
Test set: TestSuite
-------------------------------------------------------------------------------
Tests run: 2, Failures: 1, Errors: 0, Skipped: 0, Time elapsed: 25.669 s <<< FAILURE! - in TestSuite
Runner.TestRunner.scenario  Time elapsed: 0.225 s  <<< FAILURE!
org.picocontainer.PicoCompositionException: Duplicate Keys not allowed. Duplicate for 'class StepDefinition.Stepdef'
	at Runner.TestRunner.scenario(TestRunner.java:58)

