<?xml version="1.0" encoding="UTF-8"?>
<testng-results ignored="0" total="2" passed="1" failed="1" skipped="0">
  <reporter-output>
    <line>
      <![CDATA[<div "result">User is on login page (PASSED : 19s)</div>]]>
    </line>
    <line>
      <![CDATA[<div "result">Click SignUp (PASSED : 1s)</div>]]>
    </line>
  </reporter-output>
  <suite started-at="2020-07-07T05:52:46Z" name="Surefire suite" finished-at="2020-07-07T05:53:10Z" duration-ms="24456">
    <groups>
      <group name="cucumber">
        <method signature="TestRunner.scenario(cucumber.api.testng.PickleEventWrapper, cucumber.api.testng.CucumberFeatureWrapper)[pri:0, instance:Runner.TestRunner@55183b20]" name="scenario" class="Runner.TestRunner"/>
      </group> <!-- cucumber -->
    </groups>
    <test started-at="2020-07-07T05:52:46Z" name="Surefire test" finished-at="2020-07-07T05:53:10Z" duration-ms="24456">
      <class name="Runner.TestRunner">
        <test-method is-config="true" signature="setUpClass()[pri:0, instance:Runner.TestRunner@55183b20]" started-at="2020-07-07T11:22:46Z" name="setUpClass" finished-at="2020-07-07T11:22:47Z" duration-ms="863" status="PASS">
          <reporter-output>
          </reporter-output>
        </test-method> <!-- setUpClass -->
        <test-method signature="scenario(cucumber.api.testng.PickleEventWrapper, cucumber.api.testng.CucumberFeatureWrapper)[pri:0, instance:Runner.TestRunner@55183b20]" started-at="2020-07-07T11:22:48Z" name="scenario" description="Runs Cucumber Feature" data-provider="scenarios" finished-at="2020-07-07T11:22:48Z" duration-ms="211" status="FAIL">
          <params>
            <param index="0">
              <value>
                <![CDATA["Register"]]>
              </value>
            </param>
            <param index="1">
              <value>
                <![CDATA["create registeration"]]>
              </value>
            </param>
          </params>
          <exception class="org.picocontainer.PicoCompositionException">
            <message>
              <![CDATA[Duplicate Keys not allowed. Duplicate for 'class StepDefinition.Stepdef']]>
            </message>
            <full-stacktrace>
              <![CDATA[org.picocontainer.PicoCompositionException: Duplicate Keys not allowed. Duplicate for 'class StepDefinition.Stepdef'
	at org.picocontainer.DefaultPicoContainer.addAdapterInternal(DefaultPicoContainer.java:438)
	at org.picocontainer.DefaultPicoContainer.addComponent(DefaultPicoContainer.java:548)
	at org.picocontainer.DefaultPicoContainer.addComponent(DefaultPicoContainer.java:501)
	at org.picocontainer.DefaultPicoContainer.addComponent(DefaultPicoContainer.java:488)
	at cucumber.runtime.java.picocontainer.PicoFactory.start(PicoFactory.java:22)
	at cucumber.runtime.java.JavaBackend.buildWorld(JavaBackend.java:116)
	at cucumber.runner.Runner.buildBackendWorlds(Runner.java:155)
	at cucumber.runner.Runner.runPickle(Runner.java:78)
	at cucumber.api.testng.TestNGCucumberRunner.runScenario(TestNGCucumberRunner.java:84)
	at Runner.TestRunner.scenario(TestRunner.java:58)
	at java.base/jdk.internal.reflect.NativeMethodAccessorImpl.invoke0(Native Method)
	at java.base/jdk.internal.reflect.NativeMethodAccessorImpl.invoke(NativeMethodAccessorImpl.java:62)
	at java.base/jdk.internal.reflect.DelegatingMethodAccessorImpl.invoke(DelegatingMethodAccessorImpl.java:43)
	at java.base/java.lang.reflect.Method.invoke(Method.java:566)
	at org.testng.internal.MethodInvocationHelper.invokeMethod(MethodInvocationHelper.java:104)
	at org.testng.internal.Invoker.invokeMethod(Invoker.java:645)
	at org.testng.internal.Invoker.invokeTestMethod(Invoker.java:851)
	at org.testng.internal.TestMethodWithDataProviderMethodWorker.call(TestMethodWithDataProviderMethodWorker.java:75)
	at org.testng.internal.TestMethodWithDataProviderMethodWorker.call(TestMethodWithDataProviderMethodWorker.java:14)
	at java.base/java.util.concurrent.FutureTask.run(FutureTask.java:264)
	at java.base/java.util.concurrent.Executors$RunnableAdapter.call(Executors.java:515)
	at java.base/java.util.concurrent.FutureTask.run(FutureTask.java:264)
	at java.base/java.util.concurrent.ThreadPoolExecutor.runWorker(ThreadPoolExecutor.java:1128)
	at java.base/java.util.concurrent.ThreadPoolExecutor$Worker.run(ThreadPoolExecutor.java:628)
	at java.base/java.lang.Thread.run(Thread.java:834)
]]>
            </full-stacktrace>
          </exception> <!-- org.picocontainer.PicoCompositionException -->
          <reporter-output>
          </reporter-output>
        </test-method> <!-- scenario -->
        <test-method signature="scenario(cucumber.api.testng.PickleEventWrapper, cucumber.api.testng.CucumberFeatureWrapper)[pri:0, instance:Runner.TestRunner@55183b20]" started-at="2020-07-07T11:22:48Z" name="scenario" description="Runs Cucumber Feature" data-provider="scenarios" finished-at="2020-07-07T11:23:10Z" duration-ms="22835" status="PASS">
          <params>
            <param index="0">
              <value>
                <![CDATA["Positive login"]]>
              </value>
            </param>
            <param index="1">
              <value>
                <![CDATA["login into application"]]>
              </value>
            </param>
          </params>
          <reporter-output>
            <line>
              <![CDATA[<div "result">User is on login page (PASSED : 19s)</div>]]>
            </line>
            <line>
              <![CDATA[<div "result">Click SignUp (PASSED : 1s)</div>]]>
            </line>
          </reporter-output>
        </test-method> <!-- scenario -->
        <test-method is-config="true" signature="teardown()[pri:0, instance:Runner.TestRunner@55183b20]" started-at="2020-07-07T11:23:10Z" name="teardown" finished-at="2020-07-07T11:23:10Z" duration-ms="55" status="PASS">
          <reporter-output>
          </reporter-output>
        </test-method> <!-- teardown -->
      </class> <!-- Runner.TestRunner -->
    </test> <!-- Surefire test -->
  </suite> <!-- Surefire suite -->
</testng-results>
